[debug] [2023-07-13T12:55:40.026Z] ----------------------------------------------------------------------
[debug] [2023-07-13T12:55:40.028Z] Command:       D:\Program Files\node.exe C:\Users\vaibhav kshirsagar\AppData\Roaming\npm\node_modules\firebase-tools\lib\bin\firebase.js deploy --only hosting -m Deploying the best new feature ever.1
[debug] [2023-07-13T12:55:40.029Z] CLI Version:   12.4.2
[debug] [2023-07-13T12:55:40.029Z] Platform:      win32
[debug] [2023-07-13T12:55:40.029Z] Node Version:  v16.13.0
[debug] [2023-07-13T12:55:40.030Z] Time:          Thu Jul 13 2023 18:25:40 GMT+0530 (India Standard Time)
[debug] [2023-07-13T12:55:40.031Z] ----------------------------------------------------------------------
[debug] 
[debug] [2023-07-13T12:55:40.035Z] >>> [apiv2][query] GET https://firebase-public.firebaseio.com/cli.json [none]
[debug] [2023-07-13T12:55:40.130Z] > command requires scopes: ["email","openid","https://www.googleapis.com/auth/cloudplatformprojects.readonly","https://www.googleapis.com/auth/firebase","https://www.googleapis.com/auth/cloud-platform"]
[debug] [2023-07-13T12:55:40.130Z] > authorizing via signed-in user (maulikshirsagarvk18@gmail.com)
[debug] [2023-07-13T12:55:40.131Z] [iam] checking project mychat-a187d for permissions ["firebase.projects.get","firebasehosting.sites.update"]
[debug] [2023-07-13T12:55:40.132Z] > refreshing access token with scopes: []
[debug] [2023-07-13T12:55:40.133Z] >>> [apiv2][query] POST https://www.googleapis.com/oauth2/v3/token [none]
[debug] [2023-07-13T12:55:40.133Z] >>> [apiv2][body] POST https://www.googleapis.com/oauth2/v3/token [omitted]
[debug] [2023-07-13T12:55:40.545Z] <<< [apiv2][status] POST https://www.googleapis.com/oauth2/v3/token 400
[debug] [2023-07-13T12:55:40.546Z] <<< [apiv2][body] POST https://www.googleapis.com/oauth2/v3/token [omitted]
[debug] [2023-07-13T12:55:40.546Z] >>> [apiv2][query] POST https://cloudresourcemanager.googleapis.com/v1/projects/mychat-a187d:testIamPermissions [none]
[debug] [2023-07-13T12:55:40.546Z] >>> [apiv2][(partial)header] POST https://cloudresourcemanager.googleapis.com/v1/projects/mychat-a187d:testIamPermissions x-goog-quota-user=projects/mychat-a187d
[debug] [2023-07-13T12:55:40.546Z] >>> [apiv2][body] POST https://cloudresourcemanager.googleapis.com/v1/projects/mychat-a187d:testIamPermissions {"permissions":["firebase.projects.get","firebasehosting.sites.update"]}
[debug] [2023-07-13T12:55:40.817Z] <<< [apiv2][status] GET https://firebase-public.firebaseio.com/cli.json 200
[debug] [2023-07-13T12:55:40.817Z] <<< [apiv2][body] GET https://firebase-public.firebaseio.com/cli.json {"cloudBuildErrorAfter":1594252800000,"cloudBuildWarnAfter":1590019200000,"defaultNode10After":1594252800000,"minVersion":"3.0.5","node8DeploysDisabledAfter":1613390400000,"node8RuntimeDisabledAfter":1615809600000,"node8WarnAfter":1600128000000}
[debug] [2023-07-13T12:55:42.320Z] <<< [apiv2][status] POST https://cloudresourcemanager.googleapis.com/v1/projects/mychat-a187d:testIamPermissions 401
[debug] [2023-07-13T12:55:42.320Z] <<< [apiv2][body] POST https://cloudresourcemanager.googleapis.com/v1/projects/mychat-a187d:testIamPermissions {"error":{"code":401,"message":"Request had invalid authentication credentials. Expected OAuth 2 access token, login cookie or other valid authentication credential. See https://developers.google.com/identity/sign-in/web/devconsole-project.","status":"UNAUTHENTICATED","details":[{"@type":"type.googleapis.com/google.rpc.ErrorInfo","reason":"ACCESS_TOKEN_TYPE_UNSUPPORTED","metadata":{"service":"cloudresourcemanager.googleapis.com","method":"google.cloudresourcemanager.v1.Projects.TestIamPermissions"}}]}}
[debug] [2023-07-13T12:55:42.321Z] [iam] error while checking permissions, command may fail: FirebaseError: HTTP Error: 401, Request had invalid authentication credentials. Expected OAuth 2 access token, login cookie or other valid authentication credential. See https://developers.google.com/identity/sign-in/web/devconsole-project.
[debug] [2023-07-13T12:55:42.321Z] > refreshing access token with scopes: []
[debug] [2023-07-13T12:55:42.322Z] >>> [apiv2][query] POST https://www.googleapis.com/oauth2/v3/token [none]
[debug] [2023-07-13T12:55:42.322Z] >>> [apiv2][body] POST https://www.googleapis.com/oauth2/v3/token [omitted]
[debug] [2023-07-13T12:55:43.677Z] <<< [apiv2][status] POST https://www.googleapis.com/oauth2/v3/token 400
[debug] [2023-07-13T12:55:43.678Z] <<< [apiv2][body] POST https://www.googleapis.com/oauth2/v3/token [omitted]
[debug] [2023-07-13T12:55:43.678Z] >>> [apiv2][query] GET https://firebase.googleapis.com/v1beta1/projects/mychat-a187d [none]
[debug] [2023-07-13T12:55:44.088Z] <<< [apiv2][status] GET https://firebase.googleapis.com/v1beta1/projects/mychat-a187d 401
[debug] [2023-07-13T12:55:44.088Z] <<< [apiv2][body] GET https://firebase.googleapis.com/v1beta1/projects/mychat-a187d {"error":{"code":401,"message":"Request had invalid authentication credentials. Expected OAuth 2 access token, login cookie or other valid authentication credential. See https://developers.google.com/identity/sign-in/web/devconsole-project.","status":"UNAUTHENTICATED"}}
[debug] [2023-07-13T12:55:44.088Z] HTTP Error: 401, Request had invalid authentication credentials. Expected OAuth 2 access token, login cookie or other valid authentication credential. See https://developers.google.com/identity/sign-in/web/devconsole-project.
[debug] [2023-07-13T12:55:44.374Z] FirebaseError: HTTP Error: 401, Request had invalid authentication credentials. Expected OAuth 2 access token, login cookie or other valid authentication credential. See https://developers.google.com/identity/sign-in/web/devconsole-project.
    at responseToError (C:\Users\vaibhav kshirsagar\AppData\Roaming\npm\node_modules\firebase-tools\lib\responseToError.js:49:12)
    at RetryOperation._fn (C:\Users\vaibhav kshirsagar\AppData\Roaming\npm\node_modules\firebase-tools\lib\apiv2.js:288:77)
    at processTicksAndRejections (node:internal/process/task_queues:96:5)
[error] 
[error] Error: Failed to get Firebase project mychat-a187d. Please make sure the project exists and your account has permission to access it.
